2017-03-03 00:00:13,563 INFO 【OBD配置参数下发定时任务】开始
2017-03-03 00:00:13,595 INFO 【OBD配置参数下发定时任务】结束
2017-03-03 00:00:13,595 INFO 【OBD配置参数下发定时任务】耗时->0
2017-03-03 00:00:14,421 INFO 【驾驶疲劳定时任务】开始
2017-03-03 00:00:14,472 INFO 【驾驶疲劳定时任务】设备数量：0
2017-03-03 00:00:14,473 INFO 【驾驶疲劳定时任务】结束
2017-03-03 00:00:14,473 INFO 【驾驶疲劳定时任务】耗时->47
2017-03-03 00:00:24,433 INFO 【是否在线状态更新】开始
2017-03-03 00:00:24,439 INFO 【设备相关升级】开始
2017-03-03 00:00:24,441 INFO 【设备相关升级】结束
2017-03-03 00:00:24,441 INFO 【设备相关升级】耗时->0
2017-03-03 00:00:24,439 INFO 【是否在线状态更新】结束
2017-03-03 00:00:24,442 INFO 【是否在线状态更新】耗时->3
2017-03-03 00:00:44,419 INFO 【测试下发报文】开始
2017-03-03 00:00:44,419 INFO 【测试下发报文】结束
2017-03-03 00:00:44,419 INFO 【测试下发报文】耗时->0
2017-03-03 00:00:44,421 INFO 【驾驶疲劳定时任务】开始
2017-03-03 00:00:44,465 INFO 【驾驶疲劳定时任务】设备数量：0
2017-03-03 00:00:44,466 INFO 【驾驶疲劳定时任务】结束
2017-03-03 00:00:44,466 INFO 【驾驶疲劳定时任务】耗时->45
2017-03-03 00:00:53,568 INFO 【OBD配置参数下发定时任务】开始
2017-03-03 00:00:53,569 INFO 【OBD配置参数下发定时任务】结束
2017-03-03 00:00:53,569 INFO 【OBD配置参数下发定时任务】耗时->0
2017-03-03 00:01:04,418 INFO 【是否在线状态更新】开始
2017-03-03 00:01:04,418 INFO 【是否在线状态更新】结束
2017-03-03 00:01:04,418 INFO 【是否在线状态更新】耗时->0
2017-03-03 00:01:04,421 INFO 【设备相关升级】开始
2017-03-03 00:01:04,421 INFO 【设备相关升级】结束
2017-03-03 00:01:04,421 INFO 【设备相关升级】耗时->0
2017-03-03 00:01:14,421 INFO 【驾驶疲劳定时任务】开始
2017-03-03 00:01:14,463 INFO 【驾驶疲劳定时任务】设备数量：0
2017-03-03 00:01:14,463 INFO 【驾驶疲劳定时任务】结束
2017-03-03 00:01:14,464 INFO 【驾驶疲劳定时任务】耗时->43
2017-03-03 00:01:29,420 INFO 【测试下发报文】开始
2017-03-03 00:01:29,420 INFO 【测试下发报文】结束
2017-03-03 00:01:29,420 INFO 【测试下发报文】耗时->0
2017-03-03 00:01:33,562 INFO 【校正在线状态漏更任务】开始
2017-03-03 00:01:33,579 INFO 【OBD配置参数下发定时任务】开始
2017-03-03 00:01:33,579 INFO 【OBD配置参数下发定时任务】结束
2017-03-03 00:01:33,580 INFO 【OBD配置参数下发定时任务】耗时->0
2017-03-03 00:01:33,584 INFO 【校正在线状态漏更任务】结束
2017-03-03 00:01:33,584 INFO 【校正在线状态漏更任务】耗时->22
2017-03-03 00:01:44,417 INFO 【是否在线状态更新】开始
2017-03-03 00:01:44,418 INFO 【是否在线状态更新】结束
2017-03-03 00:01:44,418 INFO 【是否在线状态更新】耗时->0
2017-03-03 00:01:44,421 INFO 【驾驶疲劳定时任务】开始
2017-03-03 00:01:44,422 INFO 【设备相关升级】开始
2017-03-03 00:01:44,422 INFO 【设备相关升级】结束
2017-03-03 00:01:44,422 INFO 【设备相关升级】耗时->0
2017-03-03 00:01:44,465 INFO 【驾驶疲劳定时任务】设备数量：0
2017-03-03 00:01:44,466 INFO 【驾驶疲劳定时任务】结束
2017-03-03 00:01:44,466 INFO 【驾驶疲劳定时任务】耗时->45
2017-03-03 00:02:13,562 INFO 【OBD配置参数下发定时任务】开始
2017-03-03 00:02:13,562 INFO 【OBD配置参数下发定时任务】结束
2017-03-03 00:02:13,563 INFO 【OBD配置参数下发定时任务】耗时->1
2017-03-03 00:02:14,419 INFO 【测试下发报文】开始
2017-03-03 00:02:14,419 INFO 【测试下发报文】结束
2017-03-03 00:02:14,419 INFO 【测试下发报文】耗时->0
2017-03-03 00:02:14,421 INFO 【驾驶疲劳定时任务】开始
2017-03-03 00:02:14,460 INFO 【驾驶疲劳定时任务】设备数量：0
2017-03-03 00:02:14,460 INFO 【驾驶疲劳定时任务】结束
2017-03-03 00:02:14,461 INFO 【驾驶疲劳定时任务】耗时->40
2017-03-03 00:02:24,420 INFO 【是否在线状态更新】开始
2017-03-03 00:02:24,421 INFO 【是否在线状态更新】结束
2017-03-03 00:02:24,421 INFO 【是否在线状态更新】耗时->0
2017-03-03 00:02:24,422 INFO 【设备相关升级】开始
2017-03-03 00:02:24,422 INFO 【设备相关升级】结束
2017-03-03 00:02:24,422 INFO 【设备相关升级】耗时->0
2017-03-03 00:02:44,421 INFO 【驾驶疲劳定时任务】开始
2017-03-03 00:02:44,459 INFO 【驾驶疲劳定时任务】设备数量：0
2017-03-03 00:02:44,460 INFO 【驾驶疲劳定时任务】结束
2017-03-03 00:02:44,460 INFO 【驾驶疲劳定时任务】耗时->39
2017-03-03 00:02:53,563 INFO 【OBD配置参数下发定时任务】开始
2017-03-03 00:02:53,563 INFO 【OBD配置参数下发定时任务】结束
2017-03-03 00:02:53,564 INFO 【OBD配置参数下发定时任务】耗时->1
2017-03-03 00:02:59,420 INFO 【测试下发报文】开始
2017-03-03 00:02:59,420 INFO 【测试下发报文】结束
2017-03-03 00:02:59,420 INFO 【测试下发报文】耗时->0
2017-03-03 00:03:04,418 INFO 【是否在线状态更新】开始
2017-03-03 00:03:04,418 INFO 【是否在线状态更新】结束
2017-03-03 00:03:04,418 INFO 【是否在线状态更新】耗时->0
2017-03-03 00:03:04,422 INFO 【设备相关升级】开始
2017-03-03 00:03:04,422 INFO 【设备相关升级】结束
2017-03-03 00:03:04,422 INFO 【设备相关升级】耗时->0
2017-03-03 00:03:14,420 INFO 【驾驶疲劳定时任务】开始
2017-03-03 00:03:14,467 INFO 【驾驶疲劳定时任务】设备数量：0
2017-03-03 00:03:14,468 INFO 【驾驶疲劳定时任务】结束
2017-03-03 00:03:14,468 INFO 【驾驶疲劳定时任务】耗时->48
2017-03-03 00:03:33,563 INFO 【OBD配置参数下发定时任务】开始
2017-03-03 00:03:33,563 INFO 【OBD配置参数下发定时任务】结束
2017-03-03 00:03:33,563 INFO 【OBD配置参数下发定时任务】耗时->0
2017-03-03 00:03:44,418 INFO 【是否在线状态更新】开始
2017-03-03 00:03:44,418 INFO 【是否在线状态更新】结束
2017-03-03 00:03:44,418 INFO 【是否在线状态更新】耗时->0
2017-03-03 00:03:44,420 INFO 【驾驶疲劳定时任务】开始
2017-03-03 00:03:44,420 INFO 【测试下发报文】开始
2017-03-03 00:03:44,420 INFO 【测试下发报文】结束
2017-03-03 00:03:44,420 INFO 【测试下发报文】耗时->0
2017-03-03 00:03:44,423 INFO 【设备相关升级】开始
2017-03-03 00:03:44,423 INFO 【设备相关升级】结束
2017-03-03 00:03:44,423 INFO 【设备相关升级】耗时->0
2017-03-03 00:03:44,460 INFO 【驾驶疲劳定时任务】设备数量：0
2017-03-03 00:03:44,460 INFO 【驾驶疲劳定时任务】结束
2017-03-03 00:03:44,460 INFO 【驾驶疲劳定时任务】耗时->40
2017-03-03 00:04:13,563 INFO 【OBD配置参数下发定时任务】开始
2017-03-03 00:04:13,563 INFO 【OBD配置参数下发定时任务】结束
2017-03-03 00:04:13,564 INFO 【OBD配置参数下发定时任务】耗时->1
2017-03-03 00:04:14,420 INFO 【驾驶疲劳定时任务】开始
2017-03-03 00:04:14,467 INFO 【驾驶疲劳定时任务】设备数量：0
2017-03-03 00:04:14,468 INFO 【驾驶疲劳定时任务】结束
2017-03-03 00:04:14,468 INFO 【驾驶疲劳定时任务】耗时->48
2017-03-03 00:04:24,417 INFO 【是否在线状态更新】开始
2017-03-03 00:04:24,418 INFO 【是否在线状态更新】结束
2017-03-03 00:04:24,418 INFO 【是否在线状态更新】耗时->0
2017-03-03 00:04:24,422 INFO 【设备相关升级】开始
2017-03-03 00:04:24,422 INFO 【设备相关升级】结束
2017-03-03 00:04:24,422 INFO 【设备相关升级】耗时->0
2017-03-03 00:04:29,421 INFO 【测试下发报文】开始
2017-03-03 00:04:29,422 INFO 【测试下发报文】结束
2017-03-03 00:04:29,422 INFO 【测试下发报文】耗时->0
2017-03-03 00:04:33,561 INFO 【校正在线状态漏更任务】开始
2017-03-03 00:04:33,567 INFO 【校正在线状态漏更任务】结束
2017-03-03 00:04:33,567 INFO 【校正在线状态漏更任务】耗时->6
2017-03-03 00:04:44,421 INFO 【驾驶疲劳定时任务】开始
2017-03-03 00:04:44,461 INFO 【驾驶疲劳定时任务】设备数量：0
2017-03-03 00:04:44,461 INFO 【驾驶疲劳定时任务】结束
2017-03-03 00:04:44,461 INFO 【驾驶疲劳定时任务】耗时->40
2017-03-03 00:04:53,562 INFO 【OBD配置参数下发定时任务】开始
2017-03-03 00:04:53,562 INFO 【OBD配置参数下发定时任务】结束
2017-03-03 00:04:53,562 INFO 【OBD配置参数下发定时任务】耗时->0
2017-03-03 00:05:04,417 INFO 【是否在线状态更新】开始
2017-03-03 00:05:04,417 INFO 【是否在线状态更新】结束
2017-03-03 00:05:04,418 INFO 【是否在线状态更新】耗时->0
2017-03-03 00:05:04,422 INFO 【设备相关升级】开始
2017-03-03 00:05:04,422 INFO 【设备相关升级】结束
2017-03-03 00:05:04,422 INFO 【设备相关升级】耗时->0
2017-03-03 00:05:14,419 INFO 【测试下发报文】开始
2017-03-03 00:05:14,419 INFO 【测试下发报文】结束
2017-03-03 00:05:14,419 INFO 【测试下发报文】耗时->0
2017-03-03 00:05:14,421 INFO 【驾驶疲劳定时任务】开始
2017-03-03 00:05:14,460 INFO 【驾驶疲劳定时任务】设备数量：0
2017-03-03 00:05:14,460 INFO 【驾驶疲劳定时任务】结束
2017-03-03 00:05:14,460 INFO 【驾驶疲劳定时任务】耗时->39
2017-03-03 00:05:33,595 INFO 【OBD配置参数下发定时任务】开始
2017-03-03 00:05:33,595 INFO 【OBD配置参数下发定时任务】结束
2017-03-03 00:05:33,595 INFO 【OBD配置参数下发定时任务】耗时->0
2017-03-03 00:05:44,417 INFO 【是否在线状态更新】开始
2017-03-03 00:05:44,417 INFO 【是否在线状态更新】结束
2017-03-03 00:05:44,417 INFO 【是否在线状态更新】耗时->0
2017-03-03 00:05:44,421 INFO 【驾驶疲劳定时任务】开始
2017-03-03 00:05:44,429 INFO 【设备相关升级】开始
2017-03-03 00:05:44,432 INFO 【设备相关升级】结束
2017-03-03 00:05:44,435 INFO 【设备相关升级】耗时->3
2017-03-03 00:05:44,481 INFO 【驾驶疲劳定时任务】设备数量：0
2017-03-03 00:05:44,481 INFO 【驾驶疲劳定时任务】结束
2017-03-03 00:05:44,481 INFO 【驾驶疲劳定时任务】耗时->59
2017-03-03 00:05:59,419 INFO 【测试下发报文】开始
2017-03-03 00:05:59,419 INFO 【测试下发报文】结束
2017-03-03 00:05:59,420 INFO 【测试下发报文】耗时->1
2017-03-03 00:06:13,563 INFO 【OBD配置参数下发定时任务】开始
2017-03-03 00:06:13,567 INFO 【OBD配置参数下发定时任务】结束
2017-03-03 00:06:13,567 INFO 【OBD配置参数下发定时任务】耗时->0
2017-03-03 00:06:14,421 INFO 【驾驶疲劳定时任务】开始
2017-03-03 00:06:14,462 INFO 【驾驶疲劳定时任务】设备数量：0
2017-03-03 00:06:14,462 INFO 【驾驶疲劳定时任务】结束
2017-03-03 00:06:14,462 INFO 【驾驶疲劳定时任务】耗时->41
2017-03-03 00:06:24,418 INFO 【是否在线状态更新】开始
2017-03-03 00:06:24,418 INFO 【是否在线状态更新】结束
2017-03-03 00:06:24,418 INFO 【是否在线状态更新】耗时->0
2017-03-03 00:06:24,422 INFO 【设备相关升级】开始
2017-03-03 00:06:24,422 INFO 【设备相关升级】结束
2017-03-03 00:06:24,422 INFO 【设备相关升级】耗时->0
2017-03-03 00:06:44,421 INFO 【驾驶疲劳定时任务】开始
2017-03-03 00:06:44,423 INFO 【测试下发报文】开始
2017-03-03 00:06:44,423 INFO 【测试下发报文】结束
2017-03-03 00:06:44,424 INFO 【测试下发报文】耗时->1
2017-03-03 00:06:44,462 INFO 【驾驶疲劳定时任务】设备数量：0
2017-03-03 00:06:44,463 INFO 【驾驶疲劳定时任务】结束
2017-03-03 00:06:44,463 INFO 【驾驶疲劳定时任务】耗时->41
2017-03-03 00:06:53,562 INFO 【OBD配置参数下发定时任务】开始
2017-03-03 00:06:53,562 INFO 【OBD配置参数下发定时任务】结束
2017-03-03 00:06:53,563 INFO 【OBD配置参数下发定时任务】耗时->1
2017-03-03 00:07:04,417 INFO 【是否在线状态更新】开始
2017-03-03 00:07:04,418 INFO 【是否在线状态更新】结束
2017-03-03 00:07:04,419 INFO 【是否在线状态更新】耗时->1
2017-03-03 00:07:04,423 INFO 【设备相关升级】开始
2017-03-03 00:07:04,423 INFO 【设备相关升级】结束
2017-03-03 00:07:04,423 INFO 【设备相关升级】耗时->0
2017-03-03 00:07:14,421 INFO 【驾驶疲劳定时任务】开始
2017-03-03 00:07:14,461 INFO 【驾驶疲劳定时任务】设备数量：0
2017-03-03 00:07:14,461 INFO 【驾驶疲劳定时任务】结束
2017-03-03 00:07:14,461 INFO 【驾驶疲劳定时任务】耗时->40
2017-03-03 00:07:29,419 INFO 【测试下发报文】开始
2017-03-03 00:07:29,419 INFO 【测试下发报文】结束
2017-03-03 00:07:29,419 INFO 【测试下发报文】耗时->0
2017-03-03 00:07:33,561 INFO 【校正在线状态漏更任务】开始
2017-03-03 00:07:33,563 INFO 【OBD配置参数下发定时任务】开始
2017-03-03 00:07:33,563 INFO 【OBD配置参数下发定时任务】结束
2017-03-03 00:07:33,563 INFO 【OBD配置参数下发定时任务】耗时->0
2017-03-03 00:07:33,566 INFO 【校正在线状态漏更任务】结束
2017-03-03 00:07:33,566 INFO 【校正在线状态漏更任务】耗时->5
2017-03-03 00:07:44,417 INFO 【是否在线状态更新】开始
2017-03-03 00:07:44,417 INFO 【是否在线状态更新】结束
2017-03-03 00:07:44,417 INFO 【是否在线状态更新】耗时->0
2017-03-03 00:07:44,420 INFO 【驾驶疲劳定时任务】开始
2017-03-03 00:07:44,421 INFO 【设备相关升级】开始
2017-03-03 00:07:44,421 INFO 【设备相关升级】结束
2017-03-03 00:07:44,421 INFO 【设备相关升级】耗时->0
2017-03-03 00:07:44,461 INFO 【驾驶疲劳定时任务】设备数量：0
2017-03-03 00:07:44,461 INFO 【驾驶疲劳定时任务】结束
2017-03-03 00:07:44,461 INFO 【驾驶疲劳定时任务】耗时->41
2017-03-03 00:08:13,563 INFO 【OBD配置参数下发定时任务】开始
2017-03-03 00:08:13,566 INFO 【OBD配置参数下发定时任务】结束
2017-03-03 00:08:13,566 INFO 【OBD配置参数下发定时任务】耗时->0
2017-03-03 00:08:14,419 INFO 【测试下发报文】开始
2017-03-03 00:08:14,420 INFO 【测试下发报文】结束
2017-03-03 00:08:14,420 INFO 【测试下发报文】耗时->0
2017-03-03 00:08:14,421 INFO 【驾驶疲劳定时任务】开始
2017-03-03 00:08:14,466 INFO 【驾驶疲劳定时任务】设备数量：0
2017-03-03 00:08:14,467 INFO 【驾驶疲劳定时任务】结束
2017-03-03 00:08:14,467 INFO 【驾驶疲劳定时任务】耗时->46
2017-03-03 00:08:24,417 INFO 【是否在线状态更新】开始
2017-03-03 00:08:24,417 INFO 【是否在线状态更新】结束
2017-03-03 00:08:24,417 INFO 【是否在线状态更新】耗时->0
2017-03-03 00:08:24,421 INFO 【设备相关升级】开始
2017-03-03 00:08:24,421 INFO 【设备相关升级】结束
2017-03-03 00:08:24,421 INFO 【设备相关升级】耗时->0
2017-03-03 00:08:44,420 INFO 【驾驶疲劳定时任务】开始
2017-03-03 00:08:44,459 INFO 【驾驶疲劳定时任务】设备数量：0
2017-03-03 00:08:44,459 INFO 【驾驶疲劳定时任务】结束
2017-03-03 00:08:44,459 INFO 【驾驶疲劳定时任务】耗时->39
2017-03-03 00:08:53,563 INFO 【OBD配置参数下发定时任务】开始
2017-03-03 00:08:53,563 INFO 【OBD配置参数下发定时任务】结束
2017-03-03 00:08:53,563 INFO 【OBD配置参数下发定时任务】耗时->0
2017-03-03 00:08:59,420 INFO 【测试下发报文】开始
2017-03-03 00:08:59,420 INFO 【测试下发报文】结束
2017-03-03 00:08:59,420 INFO 【测试下发报文】耗时->0
2017-03-03 00:09:04,418 INFO 【是否在线状态更新】开始
2017-03-03 00:09:04,418 INFO 【是否在线状态更新】结束
2017-03-03 00:09:04,418 INFO 【是否在线状态更新】耗时->0
2017-03-03 00:09:04,422 INFO 【设备相关升级】开始
2017-03-03 00:09:04,423 INFO 【设备相关升级】结束
2017-03-03 00:09:04,423 INFO 【设备相关升级】耗时->0
2017-03-03 00:09:14,421 INFO 【驾驶疲劳定时任务】开始
2017-03-03 00:09:14,466 INFO 【驾驶疲劳定时任务】设备数量：0
2017-03-03 00:09:14,466 INFO 【驾驶疲劳定时任务】结束
2017-03-03 00:09:14,466 INFO 【驾驶疲劳定时任务】耗时->45
2017-03-03 00:09:33,562 INFO 【OBD配置参数下发定时任务】开始
2017-03-03 00:09:33,562 INFO 【OBD配置参数下发定时任务】结束
2017-03-03 00:09:33,562 INFO 【OBD配置参数下发定时任务】耗时->0
2017-03-03 00:09:44,417 INFO 【是否在线状态更新】开始
2017-03-03 00:09:44,418 INFO 【是否在线状态更新】结束
2017-03-03 00:09:44,418 INFO 【是否在线状态更新】耗时->1
2017-03-03 00:09:44,419 INFO 【测试下发报文】开始
2017-03-03 00:09:44,419 INFO 【测试下发报文】结束
2017-03-03 00:09:44,419 INFO 【测试下发报文】耗时->0
2017-03-03 00:09:44,421 INFO 【驾驶疲劳定时任务】开始
2017-03-03 00:09:44,422 INFO 【设备相关升级】开始
2017-03-03 00:09:44,423 INFO 【设备相关升级】结束
2017-03-03 00:09:44,426 INFO 【设备相关升级】耗时->3
2017-03-03 00:09:44,467 INFO 【驾驶疲劳定时任务】设备数量：0
2017-03-03 00:09:44,468 INFO 【驾驶疲劳定时任务】结束
2017-03-03 00:09:44,468 INFO 【驾驶疲劳定时任务】耗时->47
2017-03-03 00:10:13,563 INFO 【OBD配置参数下发定时任务】开始
2017-03-03 00:10:13,563 INFO 【OBD配置参数下发定时任务】结束
2017-03-03 00:10:13,563 INFO 【OBD配置参数下发定时任务】耗时->0
2017-03-03 00:10:14,421 INFO 【驾驶疲劳定时任务】开始
2017-03-03 00:10:14,470 INFO 【驾驶疲劳定时任务】设备数量：0
2017-03-03 00:10:14,470 INFO 【驾驶疲劳定时任务】结束
2017-03-03 00:10:14,471 INFO 【驾驶疲劳定时任务】耗时->50
2017-03-03 00:10:24,417 INFO 【是否在线状态更新】开始
2017-03-03 00:10:24,417 INFO 【是否在线状态更新】结束
2017-03-03 00:10:24,419 INFO 【是否在线状态更新】耗时->2
2017-03-03 00:10:24,422 INFO 【设备相关升级】开始
2017-03-03 00:10:24,423 INFO 【设备相关升级】结束
2017-03-03 00:10:24,424 INFO 【设备相关升级】耗时->1
2017-03-03 00:10:29,418 INFO 【测试下发报文】开始
2017-03-03 00:10:29,419 INFO 【测试下发报文】结束
2017-03-03 00:10:29,419 INFO 【测试下发报文】耗时->0
2017-03-03 00:10:33,562 INFO 【校正在线状态漏更任务】开始
2017-03-03 00:10:33,568 INFO 【校正在线状态漏更任务】结束
2017-03-03 00:10:33,568 INFO 【校正在线状态漏更任务】耗时->6
2017-03-03 00:10:44,420 INFO 【驾驶疲劳定时任务】开始
2017-03-03 00:10:44,452 INFO 【驾驶疲劳定时任务】设备数量：0
2017-03-03 00:10:44,454 INFO 【驾驶疲劳定时任务】结束
2017-03-03 00:10:44,455 INFO 【驾驶疲劳定时任务】耗时->35
2017-03-03 00:10:53,562 INFO 【OBD配置参数下发定时任务】开始
2017-03-03 00:10:53,563 INFO 【OBD配置参数下发定时任务】结束
2017-03-03 00:10:53,564 INFO 【OBD配置参数下发定时任务】耗时->1
2017-03-03 00:11:04,417 INFO 【是否在线状态更新】开始
2017-03-03 00:11:04,419 INFO 【是否在线状态更新】结束
2017-03-03 00:11:04,422 INFO 【是否在线状态更新】耗时->3
2017-03-03 00:11:04,422 INFO 【设备相关升级】开始
2017-03-03 00:11:04,422 INFO 【设备相关升级】结束
2017-03-03 00:11:04,422 INFO 【设备相关升级】耗时->0
2017-03-03 00:11:14,420 INFO 【测试下发报文】开始
2017-03-03 00:11:14,423 INFO 【驾驶疲劳定时任务】开始
2017-03-03 00:11:14,423 INFO 【测试下发报文】结束
2017-03-03 00:11:14,423 INFO 【测试下发报文】耗时->0
2017-03-03 00:11:14,465 INFO 【驾驶疲劳定时任务】设备数量：0
2017-03-03 00:11:14,466 INFO 【驾驶疲劳定时任务】结束
2017-03-03 00:11:14,466 INFO 【驾驶疲劳定时任务】耗时->43
2017-03-03 00:11:33,562 INFO 【OBD配置参数下发定时任务】开始
2017-03-03 00:11:33,562 INFO 【OBD配置参数下发定时任务】结束
2017-03-03 00:11:33,562 INFO 【OBD配置参数下发定时任务】耗时->0
2017-03-03 00:11:44,417 INFO 【是否在线状态更新】开始
2017-03-03 00:11:44,418 INFO 【是否在线状态更新】结束
2017-03-03 00:11:44,418 INFO 【是否在线状态更新】耗时->0
2017-03-03 00:11:44,421 INFO 【驾驶疲劳定时任务】开始
2017-03-03 00:11:44,424 INFO 【设备相关升级】开始
2017-03-03 00:11:44,424 INFO 【设备相关升级】结束
2017-03-03 00:11:44,424 INFO 【设备相关升级】耗时->0
2017-03-03 00:11:44,463 INFO 【驾驶疲劳定时任务】设备数量：0
2017-03-03 00:11:44,463 INFO 【驾驶疲劳定时任务】结束
2017-03-03 00:11:44,463 INFO 【驾驶疲劳定时任务】耗时->42
2017-03-03 00:11:59,419 INFO 【测试下发报文】开始
2017-03-03 00:11:59,419 INFO 【测试下发报文】结束
2017-03-03 00:11:59,420 INFO 【测试下发报文】耗时->0
2017-03-03 00:12:13,562 INFO 【OBD配置参数下发定时任务】开始
2017-03-03 00:12:13,562 INFO 【OBD配置参数下发定时任务】结束
2017-03-03 00:12:13,563 INFO 【OBD配置参数下发定时任务】耗时->1
2017-03-03 00:12:14,420 INFO 【驾驶疲劳定时任务】开始
2017-03-03 00:12:14,455 INFO 【驾驶疲劳定时任务】设备数量：0
2017-03-03 00:12:14,455 INFO 【驾驶疲劳定时任务】结束
2017-03-03 00:12:14,455 INFO 【驾驶疲劳定时任务】耗时->35
2017-03-03 00:12:24,421 INFO 【是否在线状态更新】开始
2017-03-03 00:12:24,425 INFO 【是否在线状态更新】结束
2017-03-03 00:12:24,426 INFO 【是否在线状态更新】耗时->0
2017-03-03 00:12:24,426 INFO 【设备相关升级】开始
2017-03-03 00:12:24,426 INFO 【设备相关升级】结束
2017-03-03 00:12:24,426 INFO 【设备相关升级】耗时->0
2017-03-03 00:12:44,419 INFO 【测试下发报文】开始
2017-03-03 00:12:44,419 INFO 【测试下发报文】结束
2017-03-03 00:12:44,419 INFO 【测试下发报文】耗时->0
2017-03-03 00:12:44,421 INFO 【驾驶疲劳定时任务】开始
2017-03-03 00:12:44,459 INFO 【驾驶疲劳定时任务】设备数量：0
2017-03-03 00:12:44,460 INFO 【驾驶疲劳定时任务】结束
2017-03-03 00:12:44,460 INFO 【驾驶疲劳定时任务】耗时->39
2017-03-03 00:12:53,563 INFO 【OBD配置参数下发定时任务】开始
2017-03-03 00:12:53,564 INFO 【OBD配置参数下发定时任务】结束
2017-03-03 00:12:53,564 INFO 【OBD配置参数下发定时任务】耗时->1
2017-03-03 00:13:04,419 INFO 【是否在线状态更新】开始
2017-03-03 00:13:04,419 INFO 【是否在线状态更新】结束
2017-03-03 00:13:04,419 INFO 【是否在线状态更新】耗时->0
2017-03-03 00:13:04,422 INFO 【设备相关升级】开始
2017-03-03 00:13:04,422 INFO 【设备相关升级】结束
2017-03-03 00:13:04,422 INFO 【设备相关升级】耗时->0
2017-03-03 00:13:14,420 INFO 【驾驶疲劳定时任务】开始
2017-03-03 00:13:14,484 INFO 【驾驶疲劳定时任务】设备数量：0
2017-03-03 00:13:14,485 INFO 【驾驶疲劳定时任务】结束
2017-03-03 00:13:14,485 INFO 【驾驶疲劳定时任务】耗时->64
2017-03-03 00:13:29,419 INFO 【测试下发报文】开始
2017-03-03 00:13:29,419 INFO 【测试下发报文】结束
2017-03-03 00:13:29,419 INFO 【测试下发报文】耗时->0
2017-03-03 00:13:33,561 INFO 【校正在线状态漏更任务】开始
2017-03-03 00:13:33,563 INFO 【OBD配置参数下发定时任务】开始
2017-03-03 00:13:33,563 INFO 【OBD配置参数下发定时任务】结束
2017-03-03 00:13:33,563 INFO 【OBD配置参数下发定时任务】耗时->0
2017-03-03 00:13:33,569 INFO 【校正在线状态漏更任务】结束
2017-03-03 00:13:33,570 INFO 【校正在线状态漏更任务】耗时->8
2017-03-03 00:13:44,420 INFO 【驾驶疲劳定时任务】开始
2017-03-03 00:13:44,418 INFO 【是否在线状态更新】开始
2017-03-03 00:13:44,422 INFO 【是否在线状态更新】结束
2017-03-03 00:13:44,423 INFO 【是否在线状态更新】耗时->1
2017-03-03 00:13:44,423 INFO 【设备相关升级】开始
2017-03-03 00:13:44,423 INFO 【设备相关升级】结束
2017-03-03 00:13:44,423 INFO 【设备相关升级】耗时->0
2017-03-03 00:13:44,461 INFO 【驾驶疲劳定时任务】设备数量：0
2017-03-03 00:13:44,461 INFO 【驾驶疲劳定时任务】结束
2017-03-03 00:13:44,461 INFO 【驾驶疲劳定时任务】耗时->40
2017-03-03 00:14:13,562 INFO 【OBD配置参数下发定时任务】开始
2017-03-03 00:14:13,563 INFO 【OBD配置参数下发定时任务】结束
2017-03-03 00:14:13,563 INFO 【OBD配置参数下发定时任务】耗时->0
2017-03-03 00:14:14,419 INFO 【测试下发报文】开始
2017-03-03 00:14:14,419 INFO 【测试下发报文】结束
2017-03-03 00:14:14,419 INFO 【测试下发报文】耗时->0
2017-03-03 00:14:14,420 INFO 【驾驶疲劳定时任务】开始
2017-03-03 00:14:14,460 INFO 【驾驶疲劳定时任务】设备数量：0
2017-03-03 00:14:14,461 INFO 【驾驶疲劳定时任务】结束
2017-03-03 00:14:14,461 INFO 【驾驶疲劳定时任务】耗时->41
2017-03-03 00:14:24,418 INFO 【是否在线状态更新】开始
2017-03-03 00:14:24,418 INFO 【是否在线状态更新】结束
2017-03-03 00:14:24,418 INFO 【是否在线状态更新】耗时->0
2017-03-03 00:14:24,422 INFO 【设备相关升级】开始
2017-03-03 00:14:24,422 INFO 【设备相关升级】结束
2017-03-03 00:14:24,422 INFO 【设备相关升级】耗时->0
2017-03-03 00:14:44,421 INFO 【驾驶疲劳定时任务】开始
2017-03-03 00:14:44,459 INFO 【驾驶疲劳定时任务】设备数量：0
2017-03-03 00:14:44,460 INFO 【驾驶疲劳定时任务】结束
2017-03-03 00:14:44,460 INFO 【驾驶疲劳定时任务】耗时->39
2017-03-03 00:14:53,563 INFO 【OBD配置参数下发定时任务】开始
2017-03-03 00:14:53,563 INFO 【OBD配置参数下发定时任务】结束
2017-03-03 00:14:53,563 INFO 【OBD配置参数下发定时任务】耗时->0
2017-03-03 00:14:59,419 INFO 【测试下发报文】开始
2017-03-03 00:14:59,419 INFO 【测试下发报文】结束
2017-03-03 00:14:59,419 INFO 【测试下发报文】耗时->0
2017-03-03 00:15:04,417 INFO 【是否在线状态更新】开始
2017-03-03 00:15:04,417 INFO 【是否在线状态更新】结束
2017-03-03 00:15:04,417 INFO 【是否在线状态更新】耗时->0
2017-03-03 00:15:04,422 INFO 【设备相关升级】开始
2017-03-03 00:15:04,422 INFO 【设备相关升级】结束
2017-03-03 00:15:04,422 INFO 【设备相关升级】耗时->0
2017-03-03 00:15:14,421 INFO 【驾驶疲劳定时任务】开始
2017-03-03 00:15:14,476 INFO 【驾驶疲劳定时任务】设备数量：0
2017-03-03 00:15:14,476 INFO 【驾驶疲劳定时任务】结束
2017-03-03 00:15:14,476 INFO 【驾驶疲劳定时任务】耗时->55
2017-03-03 00:15:33,563 INFO 【OBD配置参数下发定时任务】开始
2017-03-03 00:15:33,563 INFO 【OBD配置参数下发定时任务】结束
2017-03-03 00:15:33,563 INFO 【OBD配置参数下发定时任务】耗时->0
2017-03-03 00:15:44,417 INFO 【是否在线状态更新】开始
2017-03-03 00:15:44,417 INFO 【是否在线状态更新】结束
2017-03-03 00:15:44,417 INFO 【是否在线状态更新】耗时->0
2017-03-03 00:15:44,419 INFO 【测试下发报文】开始
2017-03-03 00:15:44,419 INFO 【测试下发报文】结束
2017-03-03 00:15:44,419 INFO 【测试下发报文】耗时->0
2017-03-03 00:15:44,420 INFO 【驾驶疲劳定时任务】开始
2017-03-03 00:15:44,423 INFO 【设备相关升级】开始
2017-03-03 00:15:44,423 INFO 【设备相关升级】结束
2017-03-03 00:15:44,423 INFO 【设备相关升级】耗时->0
2017-03-03 00:15:44,457 INFO 【驾驶疲劳定时任务】设备数量：0
2017-03-03 00:15:44,457 INFO 【驾驶疲劳定时任务】结束
2017-03-03 00:15:44,457 INFO 【驾驶疲劳定时任务】耗时->37
2017-03-03 00:16:13,564 INFO 【OBD配置参数下发定时任务】开始
2017-03-03 00:16:13,565 INFO 【OBD配置参数下发定时任务】结束
2017-03-03 00:16:13,565 INFO 【OBD配置参数下发定时任务】耗时->0
2017-03-03 00:16:14,421 INFO 【驾驶疲劳定时任务】开始
2017-03-03 00:16:14,459 INFO 【驾驶疲劳定时任务】设备数量：0
2017-03-03 00:16:14,459 INFO 【驾驶疲劳定时任务】结束
2017-03-03 00:16:14,459 INFO 【驾驶疲劳定时任务】耗时->38
2017-03-03 00:16:24,418 INFO 【是否在线状态更新】开始
2017-03-03 00:16:24,418 INFO 【是否在线状态更新】结束
2017-03-03 00:16:24,418 INFO 【是否在线状态更新】耗时->0
2017-03-03 00:16:24,423 INFO 【设备相关升级】开始
2017-03-03 00:16:24,424 INFO 【设备相关升级】结束
2017-03-03 00:16:24,424 INFO 【设备相关升级】耗时->0
2017-03-03 00:16:29,419 INFO 【测试下发报文】开始
2017-03-03 00:16:29,419 INFO 【测试下发报文】结束
2017-03-03 00:16:29,419 INFO 【测试下发报文】耗时->0
2017-03-03 00:16:33,562 INFO 【校正在线状态漏更任务】开始
2017-03-03 00:16:33,567 INFO 【校正在线状态漏更任务】结束
2017-03-03 00:16:33,567 INFO 【校正在线状态漏更任务】耗时->5
2017-03-03 00:16:44,422 INFO 【驾驶疲劳定时任务】开始
2017-03-03 00:16:44,464 INFO 【驾驶疲劳定时任务】设备数量：0
2017-03-03 00:16:44,464 INFO 【驾驶疲劳定时任务】结束
2017-03-03 00:16:44,464 INFO 【驾驶疲劳定时任务】耗时->41
2017-03-03 00:16:53,578 INFO 【OBD配置参数下发定时任务】开始
2017-03-03 00:16:53,578 INFO 【OBD配置参数下发定时任务】结束
2017-03-03 00:16:53,579 INFO 【OBD配置参数下发定时任务】耗时->1
2017-03-03 00:17:04,418 INFO 【是否在线状态更新】开始
2017-03-03 00:17:04,418 INFO 【是否在线状态更新】结束
2017-03-03 00:17:04,418 INFO 【是否在线状态更新】耗时->0
2017-03-03 00:17:04,422 INFO 【设备相关升级】开始
2017-03-03 00:17:04,422 INFO 【设备相关升级】结束
2017-03-03 00:17:04,422 INFO 【设备相关升级】耗时->0
2017-03-03 00:17:14,419 INFO 【测试下发报文】开始
2017-03-03 00:17:14,419 INFO 【测试下发报文】结束
2017-03-03 00:17:14,419 INFO 【测试下发报文】耗时->0
2017-03-03 00:17:14,422 INFO 【驾驶疲劳定时任务】开始
2017-03-03 00:17:14,456 INFO 【驾驶疲劳定时任务】设备数量：0
2017-03-03 00:17:14,457 INFO 【驾驶疲劳定时任务】结束
2017-03-03 00:17:14,457 INFO 【驾驶疲劳定时任务】耗时->35
2017-03-03 00:17:33,563 INFO 【OBD配置参数下发定时任务】开始
2017-03-03 00:17:33,563 INFO 【OBD配置参数下发定时任务】结束
2017-03-03 00:17:33,563 INFO 【OBD配置参数下发定时任务】耗时->0
2017-03-03 00:17:44,418 INFO 【是否在线状态更新】开始
2017-03-03 00:17:44,418 INFO 【是否在线状态更新】结束
2017-03-03 00:17:44,418 INFO 【是否在线状态更新】耗时->0
2017-03-03 00:17:44,420 INFO 【驾驶疲劳定时任务】开始
2017-03-03 00:17:44,422 INFO 【设备相关升级】开始
2017-03-03 00:17:44,422 INFO 【设备相关升级】结束
2017-03-03 00:17:44,422 INFO 【设备相关升级】耗时->0
2017-03-03 00:17:44,463 INFO 【驾驶疲劳定时任务】设备数量：0
2017-03-03 00:17:44,463 INFO 【驾驶疲劳定时任务】结束
2017-03-03 00:17:44,464 INFO 【驾驶疲劳定时任务】耗时->44
2017-03-03 00:17:59,425 INFO 【测试下发报文】开始
2017-03-03 00:17:59,425 INFO 【测试下发报文】结束
2017-03-03 00:17:59,426 INFO 【测试下发报文】耗时->1
2017-03-03 00:18:13,563 INFO 【OBD配置参数下发定时任务】开始
2017-03-03 00:18:13,563 INFO 【OBD配置参数下发定时任务】结束
2017-03-03 00:18:13,563 INFO 【OBD配置参数下发定时任务】耗时->0
2017-03-03 00:18:14,421 INFO 【驾驶疲劳定时任务】开始
2017-03-03 00:18:14,459 INFO 【驾驶疲劳定时任务】设备数量：0
2017-03-03 00:18:14,460 INFO 【驾驶疲劳定时任务】结束
2017-03-03 00:18:14,460 INFO 【驾驶疲劳定时任务】耗时->38
2017-03-03 00:18:24,418 INFO 【是否在线状态更新】开始
2017-03-03 00:18:24,418 INFO 【是否在线状态更新】结束
2017-03-03 00:18:24,418 INFO 【是否在线状态更新】耗时->0
2017-03-03 00:18:24,422 INFO 【设备相关升级】开始
2017-03-03 00:18:24,422 INFO 【设备相关升级】结束
2017-03-03 00:18:24,422 INFO 【设备相关升级】耗时->0
2017-03-03 00:18:44,420 INFO 【测试下发报文】开始
2017-03-03 00:18:44,420 INFO 【测试下发报文】结束
2017-03-03 00:18:44,420 INFO 【测试下发报文】耗时->0
2017-03-03 00:18:44,421 INFO 【驾驶疲劳定时任务】开始
2017-03-03 00:18:44,458 INFO 【驾驶疲劳定时任务】设备数量：0
2017-03-03 00:18:44,459 INFO 【驾驶疲劳定时任务】结束
2017-03-03 00:18:44,459 INFO 【驾驶疲劳定时任务】耗时->38
2017-03-03 00:18:53,562 INFO 【OBD配置参数下发定时任务】开始
2017-03-03 00:18:53,563 INFO 【OBD配置参数下发定时任务】结束
2017-03-03 00:18:53,563 INFO 【OBD配置参数下发定时任务】耗时->0
2017-03-03 00:19:04,417 INFO 【是否在线状态更新】开始
2017-03-03 00:19:04,418 INFO 【是否在线状态更新】结束
2017-03-03 00:19:04,418 INFO 【是否在线状态更新】耗时->0
2017-03-03 00:19:04,422 INFO 【设备相关升级】开始
2017-03-03 00:19:04,422 INFO 【设备相关升级】结束
2017-03-03 00:19:04,422 INFO 【设备相关升级】耗时->0
2017-03-03 00:19:14,421 INFO 【驾驶疲劳定时任务】开始
2017-03-03 00:19:14,462 INFO 【驾驶疲劳定时任务】设备数量：0
2017-03-03 00:19:14,463 INFO 【驾驶疲劳定时任务】结束
2017-03-03 00:19:14,463 INFO 【驾驶疲劳定时任务】耗时->42
2017-03-03 00:19:29,420 INFO 【测试下发报文】开始
2017-03-03 00:19:29,420 INFO 【测试下发报文】结束
2017-03-03 00:19:29,420 INFO 【测试下发报文】耗时->0
2017-03-03 00:19:33,562 INFO 【校正在线状态漏更任务】开始
2017-03-03 00:19:33,563 INFO 【OBD配置参数下发定时任务】开始
2017-03-03 00:19:33,563 INFO 【OBD配置参数下发定时任务】结束
2017-03-03 00:19:33,563 INFO 【OBD配置参数下发定时任务】耗时->0
2017-03-03 00:19:33,566 INFO 【校正在线状态漏更任务】结束
2017-03-03 00:19:33,567 INFO 【校正在线状态漏更任务】耗时->4
2017-03-03 00:19:44,417 INFO 【是否在线状态更新】开始
2017-03-03 00:19:44,417 INFO 【是否在线状态更新】结束
2017-03-03 00:19:44,417 INFO 【是否在线状态更新】耗时->0
2017-03-03 00:19:44,421 INFO 【驾驶疲劳定时任务】开始
2017-03-03 00:19:44,422 INFO 【设备相关升级】开始
2017-03-03 00:19:44,423 INFO 【设备相关升级】结束
2017-03-03 00:19:44,423 INFO 【设备相关升级】耗时->0
2017-03-03 00:19:44,466 INFO 【驾驶疲劳定时任务】设备数量：0
2017-03-03 00:19:44,466 INFO 【驾驶疲劳定时任务】结束
2017-03-03 00:19:44,466 INFO 【驾驶疲劳定时任务】耗时->45
2017-03-03 00:20:13,563 INFO 【OBD配置参数下发定时任务】开始
2017-03-03 00:20:13,563 INFO 【OBD配置参数下发定时任务】结束
2017-03-03 00:20:13,563 INFO 【OBD配置参数下发定时任务】耗时->0
2017-03-03 00:20:14,420 INFO 【驾驶疲劳定时任务】开始
2017-03-03 00:20:14,419 INFO 【测试下发报文】开始
2017-03-03 00:20:14,427 INFO 【测试下发报文】结束
2017-03-03 00:20:14,427 INFO 【测试下发报文】耗时->0
2017-03-03 00:20:14,473 INFO 【驾驶疲劳定时任务】设备数量：0
2017-03-03 00:20:14,473 INFO 【驾驶疲劳定时任务】结束
2017-03-03 00:20:14,473 INFO 【驾驶疲劳定时任务】耗时->52
2017-03-03 00:20:24,417 INFO 【是否在线状态更新】开始
2017-03-03 00:20:24,417 INFO 【是否在线状态更新】结束
2017-03-03 00:20:24,418 INFO 【是否在线状态更新】耗时->1
2017-03-03 00:20:24,423 INFO 【设备相关升级】开始
2017-03-03 00:20:24,423 INFO 【设备相关升级】结束
2017-03-03 00:20:24,423 INFO 【设备相关升级】耗时->0
2017-03-03 00:20:44,422 INFO 【驾驶疲劳定时任务】开始
2017-03-03 00:20:44,483 INFO 【驾驶疲劳定时任务】设备数量：0
2017-03-03 00:20:44,483 INFO 【驾驶疲劳定时任务】结束
2017-03-03 00:20:44,483 INFO 【驾驶疲劳定时任务】耗时->61
2017-03-03 00:20:53,563 INFO 【OBD配置参数下发定时任务】开始
2017-03-03 00:20:53,563 INFO 【OBD配置参数下发定时任务】结束
2017-03-03 00:20:53,564 INFO 【OBD配置参数下发定时任务】耗时->1
2017-03-03 00:20:59,419 INFO 【测试下发报文】开始
2017-03-03 00:20:59,419 INFO 【测试下发报文】结束
2017-03-03 00:20:59,419 INFO 【测试下发报文】耗时->0
2017-03-03 00:21:04,418 INFO 【是否在线状态更新】开始
2017-03-03 00:21:04,419 INFO 【是否在线状态更新】结束
2017-03-03 00:21:04,419 INFO 【是否在线状态更新】耗时->0
2017-03-03 00:21:04,421 INFO 【设备相关升级】开始
2017-03-03 00:21:04,421 INFO 【设备相关升级】结束
2017-03-03 00:21:04,421 INFO 【设备相关升级】耗时->0
2017-03-03 00:21:14,421 INFO 【驾驶疲劳定时任务】开始
2017-03-03 00:21:14,459 INFO 【驾驶疲劳定时任务】设备数量：0
2017-03-03 00:21:14,459 INFO 【驾驶疲劳定时任务】结束
2017-03-03 00:21:14,459 INFO 【驾驶疲劳定时任务】耗时->38
2017-03-03 00:21:33,562 INFO 【OBD配置参数下发定时任务】开始
2017-03-03 00:21:33,562 INFO 【OBD配置参数下发定时任务】结束
2017-03-03 00:21:33,563 INFO 【OBD配置参数下发定时任务】耗时->1
2017-03-03 00:21:44,418 INFO 【是否在线状态更新】开始
2017-03-03 00:21:44,418 INFO 【是否在线状态更新】结束
2017-03-03 00:21:44,418 INFO 【是否在线状态更新】耗时->0
2017-03-03 00:21:44,419 INFO 【测试下发报文】开始
2017-03-03 00:21:44,419 INFO 【测试下发报文】结束
2017-03-03 00:21:44,419 INFO 【测试下发报文】耗时->0
2017-03-03 00:21:44,421 INFO 【驾驶疲劳定时任务】开始
2017-03-03 00:21:44,422 INFO 【设备相关升级】开始
2017-03-03 00:21:44,422 INFO 【设备相关升级】结束
2017-03-03 00:21:44,422 INFO 【设备相关升级】耗时->0
2017-03-03 00:21:44,463 INFO 【驾驶疲劳定时任务】设备数量：0
2017-03-03 00:21:44,463 INFO 【驾驶疲劳定时任务】结束
2017-03-03 00:21:44,464 INFO 【驾驶疲劳定时任务】耗时->43
2017-03-03 00:22:13,563 INFO 【OBD配置参数下发定时任务】开始
2017-03-03 00:22:13,563 INFO 【OBD配置参数下发定时任务】结束
2017-03-03 00:22:13,563 INFO 【OBD配置参数下发定时任务】耗时->0
2017-03-03 00:22:14,420 INFO 【驾驶疲劳定时任务】开始
2017-03-03 00:22:14,460 INFO 【驾驶疲劳定时任务】设备数量：0
2017-03-03 00:22:14,461 INFO 【驾驶疲劳定时任务】结束
2017-03-03 00:22:14,461 INFO 【驾驶疲劳定时任务】耗时->41
2017-03-03 00:22:24,418 INFO 【是否在线状态更新】开始
2017-03-03 00:22:24,423 INFO 【是否在线状态更新】结束
2017-03-03 00:22:24,423 INFO 【是否在线状态更新】耗时->5
2017-03-03 00:22:24,424 INFO 【设备相关升级】开始
2017-03-03 00:22:24,424 INFO 【设备相关升级】结束
2017-03-03 00:22:24,424 INFO 【设备相关升级】耗时->0
2017-03-03 00:22:29,419 INFO 【测试下发报文】开始
2017-03-03 00:22:29,419 INFO 【测试下发报文】结束
2017-03-03 00:22:29,420 INFO 【测试下发报文】耗时->1
2017-03-03 00:22:33,562 INFO 【校正在线状态漏更任务】开始
2017-03-03 00:22:33,571 INFO 【校正在线状态漏更任务】结束
2017-03-03 00:22:33,572 INFO 【校正在线状态漏更任务】耗时->10
2017-03-03 00:22:44,420 INFO 【驾驶疲劳定时任务】开始
2017-03-03 00:22:44,466 INFO 【驾驶疲劳定时任务】设备数量：0
2017-03-03 00:22:44,466 INFO 【驾驶疲劳定时任务】结束
2017-03-03 00:22:44,466 INFO 【驾驶疲劳定时任务】耗时->46
2017-03-03 00:22:53,563 INFO 【OBD配置参数下发定时任务】开始
2017-03-03 00:22:53,563 INFO 【OBD配置参数下发定时任务】结束
2017-03-03 00:22:53,563 INFO 【OBD配置参数下发定时任务】耗时->0
2017-03-03 00:23:04,417 INFO 【是否在线状态更新】开始
2017-03-03 00:23:04,417 INFO 【是否在线状态更新】结束
2017-03-03 00:23:04,417 INFO 【是否在线状态更新】耗时->0
2017-03-03 00:23:04,423 INFO 【设备相关升级】开始
2017-03-03 00:23:04,423 INFO 【设备相关升级】结束
2017-03-03 00:23:04,424 INFO 【设备相关升级】耗时->1
2017-03-03 00:23:14,420 INFO 【测试下发报文】开始
2017-03-03 00:23:14,420 INFO 【测试下发报文】结束
2017-03-03 00:23:14,420 INFO 【测试下发报文】耗时->0
2017-03-03 00:23:14,421 INFO 【驾驶疲劳定时任务】开始
2017-03-03 00:23:14,466 INFO 【驾驶疲劳定时任务】设备数量：0
2017-03-03 00:23:14,467 INFO 【驾驶疲劳定时任务】结束
2017-03-03 00:23:14,467 INFO 【驾驶疲劳定时任务】耗时->46
2017-03-03 00:23:33,563 INFO 【OBD配置参数下发定时任务】开始
2017-03-03 00:23:33,563 INFO 【OBD配置参数下发定时任务】结束
2017-03-03 00:23:33,563 INFO 【OBD配置参数下发定时任务】耗时->0
2017-03-03 00:23:44,417 INFO 【是否在线状态更新】开始
2017-03-03 00:23:44,418 INFO 【是否在线状态更新】结束
2017-03-03 00:23:44,418 INFO 【是否在线状态更新】耗时->0
2017-03-03 00:23:44,422 INFO 【驾驶疲劳定时任务】开始
2017-03-03 00:23:44,422 INFO 【设备相关升级】开始
2017-03-03 00:23:44,423 INFO 【设备相关升级】结束
2017-03-03 00:23:44,423 INFO 【设备相关升级】耗时->0
2017-03-03 00:23:44,467 INFO 【驾驶疲劳定时任务】设备数量：0
2017-03-03 00:23:44,468 INFO 【驾驶疲劳定时任务】结束
2017-03-03 00:23:44,468 INFO 【驾驶疲劳定时任务】耗时->46
2017-03-03 00:23:59,420 INFO 【测试下发报文】开始
2017-03-03 00:23:59,421 INFO 【测试下发报文】结束
2017-03-03 00:23:59,421 INFO 【测试下发报文】耗时->0
2017-03-03 00:24:13,564 INFO 【OBD配置参数下发定时任务】开始
2017-03-03 00:24:13,564 INFO 【OBD配置参数下发定时任务】结束
2017-03-03 00:24:13,564 INFO 【OBD配置参数下发定时任务】耗时->0
2017-03-03 00:24:14,420 INFO 【驾驶疲劳定时任务】开始
2017-03-03 00:24:14,460 INFO 【驾驶疲劳定时任务】设备数量：0
2017-03-03 00:24:14,461 INFO 【驾驶疲劳定时任务】结束
2017-03-03 00:24:14,461 INFO 【驾驶疲劳定时任务】耗时->41
2017-03-03 00:24:24,418 INFO 【是否在线状态更新】开始
2017-03-03 00:24:24,418 INFO 【是否在线状态更新】结束
2017-03-03 00:24:24,418 INFO 【是否在线状态更新】耗时->0
2017-03-03 00:24:24,422 INFO 【设备相关升级】开始
2017-03-03 00:24:24,422 INFO 【设备相关升级】结束
2017-03-03 00:24:24,422 INFO 【设备相关升级】耗时->0
2017-03-03 00:24:44,419 INFO 【测试下发报文】开始
2017-03-03 00:24:44,419 INFO 【测试下发报文】结束
2017-03-03 00:24:44,419 INFO 【测试下发报文】耗时->0
2017-03-03 00:24:44,421 INFO 【驾驶疲劳定时任务】开始
2017-03-03 00:24:44,461 INFO 【驾驶疲劳定时任务】设备数量：0
2017-03-03 00:24:44,462 INFO 【驾驶疲劳定时任务】结束
2017-03-03 00:24:44,462 INFO 【驾驶疲劳定时任务】耗时->41
2017-03-03 00:24:53,563 INFO 【OBD配置参数下发定时任务】开始
2017-03-03 00:24:53,563 INFO 【OBD配置参数下发定时任务】结束
2017-03-03 00:24:53,563 INFO 【OBD配置参数下发定时任务】耗时->0
2017-03-03 00:25:04,417 INFO 【是否在线状态更新】开始
2017-03-03 00:25:04,417 INFO 【是否在线状态更新】结束
2017-03-03 00:25:04,417 INFO 【是否在线状态更新】耗时->0
2017-03-03 00:25:04,422 INFO 【设备相关升级】开始
2017-03-03 00:25:04,422 INFO 【设备相关升级】结束
2017-03-03 00:25:04,423 INFO 【设备相关升级】耗时->1
2017-03-03 00:25:14,421 INFO 【驾驶疲劳定时任务】开始
2017-03-03 00:25:14,486 INFO 【驾驶疲劳定时任务】设备数量：0
2017-03-03 00:25:14,486 INFO 【驾驶疲劳定时任务】结束
2017-03-03 00:25:14,486 INFO 【驾驶疲劳定时任务】耗时->62
2017-03-03 00:25:29,419 INFO 【测试下发报文】开始
2017-03-03 00:25:29,419 INFO 【测试下发报文】结束
2017-03-03 00:25:29,419 INFO 【测试下发报文】耗时->0
2017-03-03 00:25:33,561 INFO 【校正在线状态漏更任务】开始
2017-03-03 00:25:33,563 INFO 【OBD配置参数下发定时任务】开始
2017-03-03 00:25:33,563 INFO 【OBD配置参数下发定时任务】结束
2017-03-03 00:25:33,563 INFO 【OBD配置参数下发定时任务】耗时->0
2017-03-03 00:25:33,565 INFO 【校正在线状态漏更任务】结束
2017-03-03 00:25:33,565 INFO 【校正在线状态漏更任务】耗时->4
2017-03-03 00:25:44,417 INFO 【是否在线状态更新】开始
2017-03-03 00:25:44,417 INFO 【是否在线状态更新】结束
2017-03-03 00:25:44,417 INFO 【是否在线状态更新】耗时->0
2017-03-03 00:25:44,420 INFO 【驾驶疲劳定时任务】开始
2017-03-03 00:25:44,422 INFO 【设备相关升级】开始
2017-03-03 00:25:44,422 INFO 【设备相关升级】结束
2017-03-03 00:25:44,422 INFO 【设备相关升级】耗时->0
2017-03-03 00:25:44,456 INFO 【驾驶疲劳定时任务】设备数量：0
2017-03-03 00:25:44,457 INFO 【驾驶疲劳定时任务】结束
2017-03-03 00:25:44,457 INFO 【驾驶疲劳定时任务】耗时->37
2017-03-03 00:26:13,563 INFO 【OBD配置参数下发定时任务】开始
2017-03-03 00:26:13,563 INFO 【OBD配置参数下发定时任务】结束
2017-03-03 00:26:13,563 INFO 【OBD配置参数下发定时任务】耗时->0
2017-03-03 00:26:14,418 INFO 【测试下发报文】开始
2017-03-03 00:26:14,418 INFO 【测试下发报文】结束
2017-03-03 00:26:14,418 INFO 【测试下发报文】耗时->0
2017-03-03 00:26:14,421 INFO 【驾驶疲劳定时任务】开始
2017-03-03 00:26:14,457 INFO 【驾驶疲劳定时任务】设备数量：0
2017-03-03 00:26:14,457 INFO 【驾驶疲劳定时任务】结束
2017-03-03 00:26:14,457 INFO 【驾驶疲劳定时任务】耗时->36
2017-03-03 00:26:24,419 INFO 【是否在线状态更新】开始
2017-03-03 00:26:24,420 INFO 【是否在线状态更新】结束
2017-03-03 00:26:24,421 INFO 【是否在线状态更新】耗时->1
2017-03-03 00:26:24,422 INFO 【设备相关升级】开始
2017-03-03 00:26:24,423 INFO 【设备相关升级】结束
2017-03-03 00:26:24,423 INFO 【设备相关升级】耗时->0
2017-03-03 00:26:44,420 INFO 【驾驶疲劳定时任务】开始
2017-03-03 00:26:44,456 INFO 【驾驶疲劳定时任务】设备数量：0
2017-03-03 00:26:44,456 INFO 【驾驶疲劳定时任务】结束
2017-03-03 00:26:44,456 INFO 【驾驶疲劳定时任务】耗时->36
2017-03-03 00:26:53,564 INFO 【OBD配置参数下发定时任务】开始
2017-03-03 00:26:53,564 INFO 【OBD配置参数下发定时任务】结束
2017-03-03 00:26:53,564 INFO 【OBD配置参数下发定时任务】耗时->0
2017-03-03 00:26:59,419 INFO 【测试下发报文】开始
2017-03-03 00:26:59,419 INFO 【测试下发报文】结束
2017-03-03 00:26:59,419 INFO 【测试下发报文】耗时->0
2017-03-03 00:27:04,417 INFO 【是否在线状态更新】开始
2017-03-03 00:27:04,418 INFO 【是否在线状态更新】结束
2017-03-03 00:27:04,418 INFO 【是否在线状态更新】耗时->0
2017-03-03 00:27:04,422 INFO 【设备相关升级】开始
2017-03-03 00:27:04,422 INFO 【设备相关升级】结束
2017-03-03 00:27:04,422 INFO 【设备相关升级】耗时->0
2017-03-03 00:27:14,421 INFO 【驾驶疲劳定时任务】开始
2017-03-03 00:27:14,454 INFO 【驾驶疲劳定时任务】设备数量：0
2017-03-03 00:27:14,454 INFO 【驾驶疲劳定时任务】结束
2017-03-03 00:27:14,454 INFO 【驾驶疲劳定时任务】耗时->33
2017-03-03 00:27:33,563 INFO 【OBD配置参数下发定时任务】开始
2017-03-03 00:27:33,563 INFO 【OBD配置参数下发定时任务】结束
2017-03-03 00:27:33,563 INFO 【OBD配置参数下发定时任务】耗时->0
2017-03-03 00:27:44,417 INFO 【是否在线状态更新】开始
2017-03-03 00:27:44,418 INFO 【是否在线状态更新】结束
2017-03-03 00:27:44,418 INFO 【是否在线状态更新】耗时->0
2017-03-03 00:27:44,419 INFO 【测试下发报文】开始
2017-03-03 00:27:44,419 INFO 【测试下发报文】结束
2017-03-03 00:27:44,419 INFO 【测试下发报文】耗时->0
2017-03-03 00:27:44,420 INFO 【驾驶疲劳定时任务】开始
2017-03-03 00:27:44,423 INFO 【设备相关升级】开始
2017-03-03 00:27:44,423 INFO 【设备相关升级】结束
2017-03-03 00:27:44,423 INFO 【设备相关升级】耗时->0
2017-03-03 00:27:44,456 INFO 【驾驶疲劳定时任务】设备数量：0
2017-03-03 00:27:44,456 INFO 【驾驶疲劳定时任务】结束
2017-03-03 00:27:44,456 INFO 【驾驶疲劳定时任务】耗时->36
2017-03-03 00:28:13,562 INFO 【OBD配置参数下发定时任务】开始
2017-03-03 00:28:13,562 INFO 【OBD配置参数下发定时任务】结束
2017-03-03 00:28:13,562 INFO 【OBD配置参数下发定时任务】耗时->0
2017-03-03 00:28:14,422 INFO 【驾驶疲劳定时任务】开始
2017-03-03 00:28:14,474 INFO 【驾驶疲劳定时任务】设备数量：0
2017-03-03 00:28:14,474 INFO 【驾驶疲劳定时任务】结束
2017-03-03 00:28:14,474 INFO 【驾驶疲劳定时任务】耗时->52
2017-03-03 00:28:24,417 INFO 【是否在线状态更新】开始
2017-03-03 00:28:24,418 INFO 【是否在线状态更新】结束
2017-03-03 00:28:24,418 INFO 【是否在线状态更新】耗时->1
2017-03-03 00:28:24,423 INFO 【设备相关升级】开始
2017-03-03 00:28:24,423 INFO 【设备相关升级】结束
2017-03-03 00:28:24,423 INFO 【设备相关升级】耗时->0
2017-03-03 00:28:29,419 INFO 【测试下发报文】开始
2017-03-03 00:28:29,419 INFO 【测试下发报文】结束
2017-03-03 00:28:29,420 INFO 【测试下发报文】耗时->0
2017-03-03 00:28:33,561 INFO 【校正在线状态漏更任务】开始
2017-03-03 00:28:33,572 INFO 【校正在线状态漏更任务】结束
2017-03-03 00:28:33,572 INFO 【校正在线状态漏更任务】耗时->11
2017-03-03 00:28:44,421 INFO 【驾驶疲劳定时任务】开始
2017-03-03 00:28:44,454 INFO 【驾驶疲劳定时任务】设备数量：0
2017-03-03 00:28:44,454 INFO 【驾驶疲劳定时任务】结束
2017-03-03 00:28:44,454 INFO 【驾驶疲劳定时任务】耗时->33
2017-03-03 00:28:53,563 INFO 【OBD配置参数下发定时任务】开始
2017-03-03 00:28:53,564 INFO 【OBD配置参数下发定时任务】结束
2017-03-03 00:28:53,564 INFO 【OBD配置参数下发定时任务】耗时->0
2017-03-03 00:29:04,424 INFO 【是否在线状态更新】开始
2017-03-03 00:29:04,425 INFO 【是否在线状态更新】结束
2017-03-03 00:29:04,425 INFO 【设备相关升级】开始
2017-03-03 00:29:04,425 INFO 【是否在线状态更新】耗时->0
2017-03-03 00:29:04,425 INFO 【设备相关升级】结束
2017-03-03 00:29:04,425 INFO 【设备相关升级】耗时->0
2017-03-03 00:29:14,419 INFO 【测试下发报文】开始
2017-03-03 00:29:14,419 INFO 【测试下发报文】结束
2017-03-03 00:29:14,420 INFO 【测试下发报文】耗时->1
2017-03-03 00:29:14,422 INFO 【驾驶疲劳定时任务】开始
2017-03-03 00:29:14,470 INFO 【驾驶疲劳定时任务】设备数量：0
2017-03-03 00:29:14,471 INFO 【驾驶疲劳定时任务】结束
2017-03-03 00:29:14,471 INFO 【驾驶疲劳定时任务】耗时->41
2017-03-03 00:29:33,562 INFO 【OBD配置参数下发定时任务】开始
2017-03-03 00:29:33,563 INFO 【OBD配置参数下发定时任务】结束
2017-03-03 00:29:33,563 INFO 【OBD配置参数下发定时任务】耗时->0
2017-03-03 00:29:44,417 INFO 【是否在线状态更新】开始
2017-03-03 00:29:44,418 INFO 【是否在线状态更新】结束
2017-03-03 00:29:44,419 INFO 【是否在线状态更新】耗时->1
2017-03-03 00:29:44,421 INFO 【驾驶疲劳定时任务】开始
2017-03-03 00:29:44,422 INFO 【设备相关升级】开始
2017-03-03 00:29:44,422 INFO 【设备相关升级】结束
2017-03-03 00:29:44,422 INFO 【设备相关升级】耗时->0
2017-03-03 00:29:44,471 INFO 【驾驶疲劳定时任务】设备数量：0
2017-03-03 00:29:44,471 INFO 【驾驶疲劳定时任务】结束
2017-03-03 00:29:44,471 INFO 【驾驶疲劳定时任务】耗时->50
2017-03-03 00:29:59,418 INFO 【测试下发报文】开始
2017-03-03 00:29:59,418 INFO 【测试下发报文】结束
2017-03-03 00:29:59,418 INFO 【测试下发报文】耗时->0
2017-03-03 00:30:00,007 INFO ----【设备激活量报表统计任务】----
2017-03-03 00:30:00,007 INFO ----【设备激活量报表统计任务】开始
2017-03-03 00:30:00,008 INFO ----【设备上线量报表统计任务】----
2017-03-03 00:30:00,008 INFO ----【设备上线量报表统计任务】开始
2017-03-03 00:30:00,405 INFO ----【设备激活量报表统计任务】耗时：398
2017-03-03 00:30:00,405 INFO ----【设备激活量报表统计任务】结束
2017-03-03 00:30:03,579 INFO ----【设备上线量报表统计任务】耗时：3571
2017-03-03 00:30:03,579 INFO ----【设备上线量报表统计任务】结束
2017-03-03 00:30:13,563 INFO 【OBD配置参数下发定时任务】开始
2017-03-03 00:30:13,563 INFO 【OBD配置参数下发定时任务】结束
2017-03-03 00:30:13,563 INFO 【OBD配置参数下发定时任务】耗时->0
2017-03-03 00:30:14,421 INFO 【驾驶疲劳定时任务】开始
2017-03-03 00:30:14,487 INFO 【驾驶疲劳定时任务】设备数量：0
2017-03-03 00:30:14,488 INFO 【驾驶疲劳定时任务】结束
2017-03-03 00:30:14,488 INFO 【驾驶疲劳定时任务】耗时->67
2017-03-03 00:30:24,417 INFO 【是否在线状态更新】开始
2017-03-03 00:30:24,418 INFO 【是否在线状态更新】结束
2017-03-03 00:30:24,418 INFO 【是否在线状态更新】耗时->0
2017-03-03 00:30:24,422 INFO 【设备相关升级】开始
2017-03-03 00:30:24,423 INFO 【设备相关升级】结束
2017-03-03 00:30:24,432 INFO 【设备相关升级】耗时->1
2017-03-03 00:30:44,419 INFO 【测试下发报文】开始
2017-03-03 00:30:44,419 INFO 【测试下发报文】结束
2017-03-03 00:30:44,419 INFO 【测试下发报文】耗时->0
2017-03-03 00:30:44,421 INFO 【驾驶疲劳定时任务】开始
2017-03-03 00:30:44,450 INFO 【驾驶疲劳定时任务】设备数量：0
2017-03-03 00:30:44,451 INFO 【驾驶疲劳定时任务】结束
2017-03-03 00:30:44,451 INFO 【驾驶疲劳定时任务】耗时->30
2017-03-03 00:30:53,562 INFO 【OBD配置参数下发定时任务】开始
2017-03-03 00:30:53,563 INFO 【OBD配置参数下发定时任务】结束
2017-03-03 00:30:53,563 INFO 【OBD配置参数下发定时任务】耗时->1
2017-03-03 00:31:04,417 INFO 【是否在线状态更新】开始
2017-03-03 00:31:04,417 INFO 【是否在线状态更新】结束
2017-03-03 00:31:04,417 INFO 【是否在线状态更新】耗时->0
2017-03-03 00:31:04,421 INFO 【设备相关升级】开始
2017-03-03 00:31:04,421 INFO 【设备相关升级】结束
2017-03-03 00:31:04,421 INFO 【设备相关升级】耗时->0
2017-03-03 00:31:14,421 INFO 【驾驶疲劳定时任务】开始
2017-03-03 00:31:14,454 INFO 【驾驶疲劳定时任务】设备数量：0
2017-03-03 00:31:14,454 INFO 【驾驶疲劳定时任务】结束
2017-03-03 00:31:14,454 INFO 【驾驶疲劳定时任务】耗时->33
2017-03-03 00:31:29,418 INFO 【测试下发报文】开始
2017-03-03 00:31:29,418 INFO 【测试下发报文】结束
2017-03-03 00:31:29,419 INFO 【测试下发报文】耗时->1
2017-03-03 00:31:33,561 INFO 【校正在线状态漏更任务】开始
2017-03-03 00:31:33,563 INFO 【OBD配置参数下发定时任务】开始
2017-03-03 00:31:33,563 INFO 【OBD配置参数下发定时任务】结束
2017-03-03 00:31:33,563 INFO 【OBD配置参数下发定时任务】耗时->0
2017-03-03 00:31:33,565 INFO 【校正在线状态漏更任务】结束
2017-03-03 00:31:33,566 INFO 【校正在线状态漏更任务】耗时->5
2017-03-03 00:31:44,418 INFO 【是否在线状态更新】开始
2017-03-03 00:31:44,419 INFO 【是否在线状态更新】结束
2017-03-03 00:31:44,419 INFO 【是否在线状态更新】耗时->0
2017-03-03 00:31:44,421 INFO 【驾驶疲劳定时任务】开始
2017-03-03 00:31:44,422 INFO 【设备相关升级】开始
2017-03-03 00:31:44,422 INFO 【设备相关升级】结束
2017-03-03 00:31:44,423 INFO 【设备相关升级】耗时->1
2017-03-03 00:31:44,460 INFO 【驾驶疲劳定时任务】设备数量：0
2017-03-03 00:31:44,460 INFO 【驾驶疲劳定时任务】结束
2017-03-03 00:31:44,460 INFO 【驾驶疲劳定时任务】耗时->39
2017-03-03 00:32:13,562 INFO 【OBD配置参数下发定时任务】开始
2017-03-03 00:32:13,562 INFO 【OBD配置参数下发定时任务】结束
2017-03-03 00:32:13,563 INFO 【OBD配置参数下发定时任务】耗时->1
2017-03-03 00:32:14,419 INFO 【测试下发报文】开始
2017-03-03 00:32:14,419 INFO 【测试下发报文】结束
2017-03-03 00:32:14,419 INFO 【测试下发报文】耗时->0
2017-03-03 00:32:14,420 INFO 【驾驶疲劳定时任务】开始
2017-03-03 00:32:14,451 INFO 【驾驶疲劳定时任务】设备数量：0
2017-03-03 00:32:14,451 INFO 【驾驶疲劳定时任务】结束
2017-03-03 00:32:14,451 INFO 【驾驶疲劳定时任务】耗时->31
2017-03-03 00:32:24,417 INFO 【是否在线状态更新】开始
2017-03-03 00:32:24,417 INFO 【是否在线状态更新】结束
2017-03-03 00:32:24,417 INFO 【是否在线状态更新】耗时->0
2017-03-03 00:32:24,422 INFO 【设备相关升级】开始
2017-03-03 00:32:24,422 INFO 【设备相关升级】结束
2017-03-03 00:32:24,422 INFO 【设备相关升级】耗时->0
2017-03-03 00:32:44,421 INFO 【驾驶疲劳定时任务】开始
2017-03-03 00:32:44,461 INFO 【驾驶疲劳定时任务】设备数量：0
2017-03-03 00:32:44,461 INFO 【驾驶疲劳定时任务】结束
2017-03-03 00:32:44,461 INFO 【驾驶疲劳定时任务】耗时->40
2017-03-03 00:32:53,563 INFO 【OBD配置参数下发定时任务】开始
2017-03-03 00:32:53,563 INFO 【OBD配置参数下发定时任务】结束
2017-03-03 00:32:53,563 INFO 【OBD配置参数下发定时任务】耗时->0
2017-03-03 00:32:59,419 INFO 【测试下发报文】开始
2017-03-03 00:32:59,420 INFO 【测试下发报文】结束
2017-03-03 00:32:59,420 INFO 【测试下发报文】耗时->0
2017-03-03 00:33:04,423 INFO 【是否在线状态更新】开始
2017-03-03 00:33:04,423 INFO 【是否在线状态更新】结束
2017-03-03 00:33:04,423 INFO 【是否在线状态更新】耗时->0
2017-03-03 00:33:04,424 INFO 【设备相关升级】开始
2017-03-03 00:33:04,424 INFO 【设备相关升级】结束
2017-03-03 00:33:04,424 INFO 【设备相关升级】耗时->0
2017-03-03 00:33:14,421 INFO 【驾驶疲劳定时任务】开始
2017-03-03 00:33:14,459 INFO 【驾驶疲劳定时任务】设备数量：0
2017-03-03 00:33:14,459 INFO 【驾驶疲劳定时任务】结束
2017-03-03 00:33:14,460 INFO 【驾驶疲劳定时任务】耗时->39
